<?xml version="1.0" encoding="UTF-8"?>
<!-- Generated by org.testng.reporters.JUnitReportReporter -->
<testsuite hostname="DESKTOP-E3ICKMR" failures="0" tests="5" name="com.api.tests.PatientApiTests" time="13.444" errors="0" timestamp="2024-08-28T01:22:15 IST" skipped="0">
  <testcase classname="com.api.tests.PatientApiTests" name="testResponseHasRequiredFields" time="1.804"/>
  <system-out/>
  <testcase classname="com.api.tests.PatientApiTests" name="testResponseStatusCodeIs200" time="1.686"/>
  <system-out/>
  <testcase classname="com.api.tests.PatientApiTests" name="testVerifyResponseForMissingRequiredQueryParameter" time="1.829"/>
  <system-out/>
  <testcase classname="com.api.tests.PatientApiTests" name="testPatientIdIsNonEmptyString" time="1.892"/>
  <system-out/>
  <testcase classname="com.api.tests.PatientApiTests" name="testNameDateOfBirthAndAddressShouldBeNonEmptyStrings" time="6.233"/>
  <system-out/>
</testsuite> <!-- com.api.tests.PatientApiTests -->
